<?xml version="1.0" encoding="UTF-8"?>
<!-- Generated by org.testng.reporters.JUnitXMLReporter -->
<testsuite hostname="CHNMCT296559L" ignored="4" name="Test" tests="1" failures="0" timestamp="25 Jan 2021 11:10:41 GMT" time="0.017" errors="0">
  <testcase name="@BeforeSuite setup" time="5.854" classname="testCase.TestAutomation">
    <failure type="java.lang.NullPointerException" message="null value in entry: url=null">
      <![CDATA[java.lang.NullPointerException: null value in entry: url=null
	at com.google.common.collect.CollectPreconditions.checkEntryNotNull(CollectPreconditions.java:32)
	at com.google.common.collect.SingletonImmutableBiMap.<init>(SingletonImmutableBiMap.java:42)
	at com.google.common.collect.ImmutableBiMap.of(ImmutableBiMap.java:72)
	at com.google.common.collect.ImmutableMap.of(ImmutableMap.java:124)
	at org.openqa.selenium.remote.RemoteWebDriver.get(RemoteWebDriver.java:277)
	at org.openqa.selenium.remote.RemoteWebDriver$RemoteNavigation.to(RemoteWebDriver.java:857)
	at testCase.TestAutomation.setup(TestAutomation.java:67)
... Removed 19 stack frames]]>
    </failure>
  </testcase> <!-- @BeforeSuite setup -->
  <testcase name="Test05" time="0.0" classname="testCase.TestAutomation">
    <skipped/>
  </testcase> <!-- Test05 -->
  <testcase name="Test01" time="0.0" classname="testCase.TestAutomation">
    <ignored/>
  </testcase> <!-- Test01 -->
  <testcase name="Test04" time="0.0" classname="testCase.TestAutomation">
    <ignored/>
  </testcase> <!-- Test04 -->
  <testcase name="Test02" time="0.0" classname="testCase.TestAutomation">
    <ignored/>
  </testcase> <!-- Test02 -->
  <testcase name="Test03" time="0.0" classname="testCase.TestAutomation">
    <ignored/>
  </testcase> <!-- Test03 -->
</testsuite> <!-- Test -->
